<html>
<head>
<title>TestNG:  Default test</title>
<link href="../testng.css" rel="stylesheet" type="text/css" />
<link href="../my-testng.css" rel="stylesheet" type="text/css" />

<style type="text/css">
.log { display: none;} 
.stack-trace { display: none;} 
</style>
<script type="text/javascript">
<!--
function flip(e) {
  current = e.style.display;
  if (current == 'block') {
    e.style.display = 'none';
    return 0;
  }
  else {
    e.style.display = 'block';
    return 1;
  }
}

function toggleBox(szDivId, elem, msg1, msg2)
{
  var res = -1;  if (document.getElementById) {
    res = flip(document.getElementById(szDivId));
  }
  else if (document.all) {
    // this is the way old msie versions work
    res = flip(document.all[szDivId]);
  }
  if(elem) {
    if(res == 0) elem.innerHTML = msg1; else elem.innerHTML = msg2;
  }

}

function toggleAllBoxes() {
  if (document.getElementsByTagName) {
    d = document.getElementsByTagName('div');
    for (i = 0; i < d.length; i++) {
      if (d[i].className == 'log') {
        flip(d[i]);
      }
    }
  }
}

// -->
</script>

</head>
<body>
<h2 align='center'>Default test</h2><table border='1' align="center">
<tr>
<td>Tests passed/Failed/Skipped:</td><td>2/6/0</td>
</tr><tr>
<td>Started on:</td><td>Sun Dec 19 15:22:38 IST 2021</td>
</tr>
<tr><td>Total time:</td><td>54 seconds (54653 ms)</td>
</tr><tr>
<td>Included groups:</td><td></td>
</tr><tr>
<td>Excluded groups:</td><td></td>
</tr>
</table><p/>
<small><i>(Hover the method name to see the test class name)</i></small><p/>
<table width='100%' border='1' class='invocation-failed'>
<tr><td colspan='4' align='center'><b>FAILED TESTS</b></td></tr>
<tr><td><b>Test method</b></td>
<td width="30%"><b>Exception</b></td>
<td width="10%"><b>Time (seconds)</b></td>
<td><b>Instance</b></td>
</tr>
<tr>
<td title='StepDefinitions.TestRunner.runScenario()'><b>runScenario</b><br>Test class: StepDefinitions.TestRunner<br>Test method: Runs Cucumber Scenarios<br>Parameters: "Verify the Default Products Order on Inventory Page", "Optional[Inventory Page UI Functionality]"</td>
<td><div><pre>java.lang.AssertionError: expected [Name (A to Z)] but found [NAME (A TO Z)]
	at org.testng.Assert.fail(Assert.java:99)
	at org.testng.Assert.failNotEquals(Assert.java:1037)
	at org.testng.Assert.assertEqualsImpl(Assert.java:140)
	at org.testng.Assert.assertEquals(Assert.java:122)
	at org.testng.Assert.assertEquals(Assert.java:629)
	at org.testng.Assert.assertEquals(Assert.java:639)
	at StepDefinitions.InventoryPageStepDefs.verify_the_default_order_of_the_product_catalog_is(InventoryPageStepDefs.java:49)
	at ?.Verify the default order of the product catalog is &quot;Name (A to Z)&quot;(file:///C:/Users/shara/eclipse-workspace/CucumberTestNG-SwagLabs/src/test/resources/Features/inventory.feature:20)
</pre></div><a href='#' onClick='toggleBox("stack-trace373197129", this, "Click to show all stack frames", "Click to hide stack frames")'>Click to show all stack frames</a>
<div class='stack-trace' id='stack-trace373197129'><pre>java.lang.AssertionError: expected [Name (A to Z)] but found [NAME (A TO Z)]
	at org.testng.Assert.fail(Assert.java:99)
	at org.testng.Assert.failNotEquals(Assert.java:1037)
	at org.testng.Assert.assertEqualsImpl(Assert.java:140)
	at org.testng.Assert.assertEquals(Assert.java:122)
	at org.testng.Assert.assertEquals(Assert.java:629)
	at org.testng.Assert.assertEquals(Assert.java:639)
	at StepDefinitions.InventoryPageStepDefs.verify_the_default_order_of_the_product_catalog_is(InventoryPageStepDefs.java:49)
	at ?.Verify the default order of the product catalog is &quot;Name (A to Z)&quot;(file:///C:/Users/shara/eclipse-workspace/CucumberTestNG-SwagLabs/src/test/resources/Features/inventory.feature:20)
</pre></div></td>
<td>6</td>
<td>StepDefinitions.TestRunner@53aac487</td></tr>
<tr>
<td title='StepDefinitions.TestRunner.runScenario()'><b>runScenario</b><br>Test class: StepDefinitions.TestRunner<br>Test method: Runs Cucumber Scenarios<br>Parameters: "Verify the Products Order Sorted By Name Z to A on Inventory Page", "Optional[Inventory Page UI Functionality]"</td>
<td><div><pre>java.lang.AssertionError: expected [Name (A to Z)] but found [NAME (A TO Z)]
	at org.testng.Assert.fail(Assert.java:99)
	at org.testng.Assert.failNotEquals(Assert.java:1037)
	at org.testng.Assert.assertEqualsImpl(Assert.java:140)
	at org.testng.Assert.assertEquals(Assert.java:122)
	at org.testng.Assert.assertEquals(Assert.java:629)
	at org.testng.Assert.assertEquals(Assert.java:639)
	at StepDefinitions.InventoryPageStepDefs.verify_the_default_order_of_the_product_catalog_is(InventoryPageStepDefs.java:49)
	at ?.Verify the default order of the product catalog is &quot;Name (A to Z)&quot;(file:///C:/Users/shara/eclipse-workspace/CucumberTestNG-SwagLabs/src/test/resources/Features/inventory.feature:33)
</pre></div><a href='#' onClick='toggleBox("stack-trace890491412", this, "Click to show all stack frames", "Click to hide stack frames")'>Click to show all stack frames</a>
<div class='stack-trace' id='stack-trace890491412'><pre>java.lang.AssertionError: expected [Name (A to Z)] but found [NAME (A TO Z)]
	at org.testng.Assert.fail(Assert.java:99)
	at org.testng.Assert.failNotEquals(Assert.java:1037)
	at org.testng.Assert.assertEqualsImpl(Assert.java:140)
	at org.testng.Assert.assertEquals(Assert.java:122)
	at org.testng.Assert.assertEquals(Assert.java:629)
	at org.testng.Assert.assertEquals(Assert.java:639)
	at StepDefinitions.InventoryPageStepDefs.verify_the_default_order_of_the_product_catalog_is(InventoryPageStepDefs.java:49)
	at ?.Verify the default order of the product catalog is &quot;Name (A to Z)&quot;(file:///C:/Users/shara/eclipse-workspace/CucumberTestNG-SwagLabs/src/test/resources/Features/inventory.feature:33)
</pre></div></td>
<td>7</td>
<td>StepDefinitions.TestRunner@53aac487</td></tr>
<tr>
<td title='StepDefinitions.TestRunner.runScenario()'><b>runScenario</b><br>Test class: StepDefinitions.TestRunner<br>Test method: Runs Cucumber Scenarios<br>Parameters: "Verify the Products Order Sorted By Name A to Z on Inventory Page", "Optional[Inventory Page UI Functionality]"</td>
<td><div><pre>java.lang.AssertionError: expected [Name (A to Z)] but found [NAME (A TO Z)]
	at org.testng.Assert.fail(Assert.java:99)
	at org.testng.Assert.failNotEquals(Assert.java:1037)
	at org.testng.Assert.assertEqualsImpl(Assert.java:140)
	at org.testng.Assert.assertEquals(Assert.java:122)
	at org.testng.Assert.assertEquals(Assert.java:629)
	at org.testng.Assert.assertEquals(Assert.java:639)
	at StepDefinitions.InventoryPageStepDefs.verify_the_default_order_of_the_product_catalog_is(InventoryPageStepDefs.java:49)
	at ?.Verify the default order of the product catalog is &quot;Name (A to Z)&quot;(file:///C:/Users/shara/eclipse-workspace/CucumberTestNG-SwagLabs/src/test/resources/Features/inventory.feature:47)
</pre></div><a href='#' onClick='toggleBox("stack-trace1376425471", this, "Click to show all stack frames", "Click to hide stack frames")'>Click to show all stack frames</a>
<div class='stack-trace' id='stack-trace1376425471'><pre>java.lang.AssertionError: expected [Name (A to Z)] but found [NAME (A TO Z)]
	at org.testng.Assert.fail(Assert.java:99)
	at org.testng.Assert.failNotEquals(Assert.java:1037)
	at org.testng.Assert.assertEqualsImpl(Assert.java:140)
	at org.testng.Assert.assertEquals(Assert.java:122)
	at org.testng.Assert.assertEquals(Assert.java:629)
	at org.testng.Assert.assertEquals(Assert.java:639)
	at StepDefinitions.InventoryPageStepDefs.verify_the_default_order_of_the_product_catalog_is(InventoryPageStepDefs.java:49)
	at ?.Verify the default order of the product catalog is &quot;Name (A to Z)&quot;(file:///C:/Users/shara/eclipse-workspace/CucumberTestNG-SwagLabs/src/test/resources/Features/inventory.feature:47)
</pre></div></td>
<td>7</td>
<td>StepDefinitions.TestRunner@53aac487</td></tr>
<tr>
<td title='StepDefinitions.TestRunner.runScenario()'><b>runScenario</b><br>Test class: StepDefinitions.TestRunner<br>Test method: Runs Cucumber Scenarios<br>Parameters: "Verify the Products Order Sorted By Price Low to High on Inventory Page", "Optional[Inventory Page UI Functionality]"</td>
<td><div><pre>java.lang.AssertionError: expected [Name (A to Z)] but found [NAME (A TO Z)]
	at org.testng.Assert.fail(Assert.java:99)
	at org.testng.Assert.failNotEquals(Assert.java:1037)
	at org.testng.Assert.assertEqualsImpl(Assert.java:140)
	at org.testng.Assert.assertEquals(Assert.java:122)
	at org.testng.Assert.assertEquals(Assert.java:629)
	at org.testng.Assert.assertEquals(Assert.java:639)
	at StepDefinitions.InventoryPageStepDefs.verify_the_default_order_of_the_product_catalog_is(InventoryPageStepDefs.java:49)
	at ?.Verify the default order of the product catalog is &quot;Name (A to Z)&quot;(file:///C:/Users/shara/eclipse-workspace/CucumberTestNG-SwagLabs/src/test/resources/Features/inventory.feature:62)
</pre></div><a href='#' onClick='toggleBox("stack-trace2068545945", this, "Click to show all stack frames", "Click to hide stack frames")'>Click to show all stack frames</a>
<div class='stack-trace' id='stack-trace2068545945'><pre>java.lang.AssertionError: expected [Name (A to Z)] but found [NAME (A TO Z)]
	at org.testng.Assert.fail(Assert.java:99)
	at org.testng.Assert.failNotEquals(Assert.java:1037)
	at org.testng.Assert.assertEqualsImpl(Assert.java:140)
	at org.testng.Assert.assertEquals(Assert.java:122)
	at org.testng.Assert.assertEquals(Assert.java:629)
	at org.testng.Assert.assertEquals(Assert.java:639)
	at StepDefinitions.InventoryPageStepDefs.verify_the_default_order_of_the_product_catalog_is(InventoryPageStepDefs.java:49)
	at ?.Verify the default order of the product catalog is &quot;Name (A to Z)&quot;(file:///C:/Users/shara/eclipse-workspace/CucumberTestNG-SwagLabs/src/test/resources/Features/inventory.feature:62)
</pre></div></td>
<td>6</td>
<td>StepDefinitions.TestRunner@53aac487</td></tr>
<tr>
<td title='StepDefinitions.TestRunner.runScenario()'><b>runScenario</b><br>Test class: StepDefinitions.TestRunner<br>Test method: Runs Cucumber Scenarios<br>Parameters: "Verify the Products Order Sorted By Price High to Low on Inventory Page", "Optional[Inventory Page UI Functionality]"</td>
<td><div><pre>java.lang.AssertionError: expected [Name (A to Z)] but found [NAME (A TO Z)]
	at org.testng.Assert.fail(Assert.java:99)
	at org.testng.Assert.failNotEquals(Assert.java:1037)
	at org.testng.Assert.assertEqualsImpl(Assert.java:140)
	at org.testng.Assert.assertEquals(Assert.java:122)
	at org.testng.Assert.assertEquals(Assert.java:629)
	at org.testng.Assert.assertEquals(Assert.java:639)
	at StepDefinitions.InventoryPageStepDefs.verify_the_default_order_of_the_product_catalog_is(InventoryPageStepDefs.java:49)
	at ?.Verify the default order of the product catalog is &quot;Name (A to Z)&quot;(file:///C:/Users/shara/eclipse-workspace/CucumberTestNG-SwagLabs/src/test/resources/Features/inventory.feature:76)
</pre></div><a href='#' onClick='toggleBox("stack-trace1742498632", this, "Click to show all stack frames", "Click to hide stack frames")'>Click to show all stack frames</a>
<div class='stack-trace' id='stack-trace1742498632'><pre>java.lang.AssertionError: expected [Name (A to Z)] but found [NAME (A TO Z)]
	at org.testng.Assert.fail(Assert.java:99)
	at org.testng.Assert.failNotEquals(Assert.java:1037)
	at org.testng.Assert.assertEqualsImpl(Assert.java:140)
	at org.testng.Assert.assertEquals(Assert.java:122)
	at org.testng.Assert.assertEquals(Assert.java:629)
	at org.testng.Assert.assertEquals(Assert.java:639)
	at StepDefinitions.InventoryPageStepDefs.verify_the_default_order_of_the_product_catalog_is(InventoryPageStepDefs.java:49)
	at ?.Verify the default order of the product catalog is &quot;Name (A to Z)&quot;(file:///C:/Users/shara/eclipse-workspace/CucumberTestNG-SwagLabs/src/test/resources/Features/inventory.feature:76)
</pre></div></td>
<td>5</td>
<td>StepDefinitions.TestRunner@53aac487</td></tr>
<tr>
<td title='StepDefinitions.TestRunner.runScenario()'><b>runScenario</b><br>Test class: StepDefinitions.TestRunner<br>Test method: Runs Cucumber Scenarios<br>Parameters: "Verify the Products and associated Prices displayed are correct", "Optional[Inventory Page UI Functionality]"</td>
<td><div><pre>java.lang.AssertionError: expected [Name (A to Z)] but found [NAME (A TO Z)]
	at org.testng.Assert.fail(Assert.java:99)
	at org.testng.Assert.failNotEquals(Assert.java:1037)
	at org.testng.Assert.assertEqualsImpl(Assert.java:140)
	at org.testng.Assert.assertEquals(Assert.java:122)
	at org.testng.Assert.assertEquals(Assert.java:629)
	at org.testng.Assert.assertEquals(Assert.java:639)
	at StepDefinitions.InventoryPageStepDefs.verify_the_default_order_of_the_product_catalog_is(InventoryPageStepDefs.java:49)
	at ?.Verify the default order of the product catalog is &quot;Name (A to Z)&quot;(file:///C:/Users/shara/eclipse-workspace/CucumberTestNG-SwagLabs/src/test/resources/Features/inventory.feature:90)
</pre></div><a href='#' onClick='toggleBox("stack-trace1746150957", this, "Click to show all stack frames", "Click to hide stack frames")'>Click to show all stack frames</a>
<div class='stack-trace' id='stack-trace1746150957'><pre>java.lang.AssertionError: expected [Name (A to Z)] but found [NAME (A TO Z)]
	at org.testng.Assert.fail(Assert.java:99)
	at org.testng.Assert.failNotEquals(Assert.java:1037)
	at org.testng.Assert.assertEqualsImpl(Assert.java:140)
	at org.testng.Assert.assertEquals(Assert.java:122)
	at org.testng.Assert.assertEquals(Assert.java:629)
	at org.testng.Assert.assertEquals(Assert.java:639)
	at StepDefinitions.InventoryPageStepDefs.verify_the_default_order_of_the_product_catalog_is(InventoryPageStepDefs.java:49)
	at ?.Verify the default order of the product catalog is &quot;Name (A to Z)&quot;(file:///C:/Users/shara/eclipse-workspace/CucumberTestNG-SwagLabs/src/test/resources/Features/inventory.feature:90)
</pre></div></td>
<td>5</td>
<td>StepDefinitions.TestRunner@53aac487</td></tr>
</table><p>
<table width='100%' border='1' class='invocation-passed'>
<tr><td colspan='4' align='center'><b>PASSED TESTS</b></td></tr>
<tr><td><b>Test method</b></td>
<td width="30%"><b>Exception</b></td>
<td width="10%"><b>Time (seconds)</b></td>
<td><b>Instance</b></td>
</tr>
<tr>
<td title='StepDefinitions.TestRunner.runScenario()'><b>runScenario</b><br>Test class: StepDefinitions.TestRunner<br>Test method: Runs Cucumber Scenarios<br>Parameters: "Verify the CartButton is displayed on Inventory Page", "Optional[Inventory Page UI Functionality]"</td>
<td></td>
<td>4</td>
<td>StepDefinitions.TestRunner@53aac487</td></tr>
<tr>
<td title='StepDefinitions.TestRunner.runScenario()'><b>runScenario</b><br>Test class: StepDefinitions.TestRunner<br>Test method: Runs Cucumber Scenarios<br>Parameters: "Verify the Page Header title is displayed on Inventory Page", "Optional[Inventory Page UI Functionality]"</td>
<td></td>
<td>4</td>
<td>StepDefinitions.TestRunner@53aac487</td></tr>
</table><p>
</body>
</html>