<?xml version="1.0" encoding="UTF-8"?>
<testng-results ignored="0" total="8" passed="2" failed="6" skipped="0">
  <reporter-output>
  </reporter-output>
  <suite started-at="2021-12-19T15:22:38 IST" name="Default suite" finished-at="2021-12-19T15:23:33 IST" duration-ms="54653">
    <groups>
      <group name="cucumber">
        <method signature="AbstractTestNGCucumberTests.runScenario(io.cucumber.testng.PickleWrapper, io.cucumber.testng.FeatureWrapper)[pri:0, instance:StepDefinitions.TestRunner@53aac487]" name="runScenario" class="io.cucumber.testng.AbstractTestNGCucumberTests"/>
      </group> <!-- cucumber -->
    </groups>
    <test started-at="2021-12-19T15:22:38 IST" name="Default test" finished-at="2021-12-19T15:23:33 IST" duration-ms="54653">
      <class name="StepDefinitions.TestRunner">
        <test-method is-config="true" signature="setUpClass()[pri:0, instance:StepDefinitions.TestRunner@53aac487]" started-at="2021-12-19T15:22:38 IST" name="setUpClass" finished-at="2021-12-19T15:22:39 IST" duration-ms="802" status="PASS">
          <reporter-output>
          </reporter-output>
        </test-method> <!-- setUpClass -->
        <test-method signature="runScenario(io.cucumber.testng.PickleWrapper, io.cucumber.testng.FeatureWrapper)[pri:0, instance:StepDefinitions.TestRunner@53aac487]" started-at="2021-12-19T15:22:39 IST" name="runScenario" description="Runs Cucumber Scenarios" data-provider="scenarios" finished-at="2021-12-19T15:22:44 IST" duration-ms="4754" status="PASS">
          <params>
            <param index="0">
              <value>
                <![CDATA["Verify the CartButton is displayed on Inventory Page"]]>
              </value>
            </param>
            <param index="1">
              <value>
                <![CDATA["Optional[Inventory Page UI Functionality]"]]>
              </value>
            </param>
          </params>
          <reporter-output>
          </reporter-output>
        </test-method> <!-- runScenario -->
        <test-method signature="runScenario(io.cucumber.testng.PickleWrapper, io.cucumber.testng.FeatureWrapper)[pri:0, instance:StepDefinitions.TestRunner@53aac487]" started-at="2021-12-19T15:22:44 IST" name="runScenario" description="Runs Cucumber Scenarios" data-provider="scenarios" finished-at="2021-12-19T15:22:48 IST" duration-ms="4158" status="PASS">
          <params>
            <param index="0">
              <value>
                <![CDATA["Verify the Page Header title is displayed on Inventory Page"]]>
              </value>
            </param>
            <param index="1">
              <value>
                <![CDATA["Optional[Inventory Page UI Functionality]"]]>
              </value>
            </param>
          </params>
          <reporter-output>
          </reporter-output>
        </test-method> <!-- runScenario -->
        <test-method signature="runScenario(io.cucumber.testng.PickleWrapper, io.cucumber.testng.FeatureWrapper)[pri:0, instance:StepDefinitions.TestRunner@53aac487]" started-at="2021-12-19T15:22:48 IST" name="runScenario" description="Runs Cucumber Scenarios" data-provider="scenarios" finished-at="2021-12-19T15:22:54 IST" duration-ms="6512" status="FAIL">
          <params>
            <param index="0">
              <value>
                <![CDATA["Verify the Default Products Order on Inventory Page"]]>
              </value>
            </param>
            <param index="1">
              <value>
                <![CDATA["Optional[Inventory Page UI Functionality]"]]>
              </value>
            </param>
          </params>
          <exception class="java.lang.AssertionError">
            <message>
              <![CDATA[expected [Name (A to Z)] but found [NAME (A TO Z)]]]>
            </message>
            <full-stacktrace>
              <![CDATA[java.lang.AssertionError: expected [Name (A to Z)] but found [NAME (A TO Z)]
at org.testng.Assert.fail(Assert.java:99)
at org.testng.Assert.failNotEquals(Assert.java:1037)
at org.testng.Assert.assertEqualsImpl(Assert.java:140)
at org.testng.Assert.assertEquals(Assert.java:122)
at org.testng.Assert.assertEquals(Assert.java:629)
at org.testng.Assert.assertEquals(Assert.java:639)
at StepDefinitions.InventoryPageStepDefs.verify_the_default_order_of_the_product_catalog_is(InventoryPageStepDefs.java:49)
at ✽.Verify the default order of the product catalog is "Name (A to Z)"(file:///C:/Users/shara/eclipse-workspace/CucumberTestNG-SwagLabs/src/test/resources/Features/inventory.feature:20)
]]>
            </full-stacktrace>
          </exception> <!-- java.lang.AssertionError -->
          <reporter-output>
          </reporter-output>
        </test-method> <!-- runScenario -->
        <test-method signature="runScenario(io.cucumber.testng.PickleWrapper, io.cucumber.testng.FeatureWrapper)[pri:0, instance:StepDefinitions.TestRunner@53aac487]" started-at="2021-12-19T15:22:54 IST" name="runScenario" description="Runs Cucumber Scenarios" data-provider="scenarios" finished-at="2021-12-19T15:23:02 IST" duration-ms="7714" status="FAIL">
          <params>
            <param index="0">
              <value>
                <![CDATA["Verify the Products Order Sorted By Name Z to A on Inventory Page"]]>
              </value>
            </param>
            <param index="1">
              <value>
                <![CDATA["Optional[Inventory Page UI Functionality]"]]>
              </value>
            </param>
          </params>
          <exception class="java.lang.AssertionError">
            <message>
              <![CDATA[expected [Name (A to Z)] but found [NAME (A TO Z)]]]>
            </message>
            <full-stacktrace>
              <![CDATA[java.lang.AssertionError: expected [Name (A to Z)] but found [NAME (A TO Z)]
at org.testng.Assert.fail(Assert.java:99)
at org.testng.Assert.failNotEquals(Assert.java:1037)
at org.testng.Assert.assertEqualsImpl(Assert.java:140)
at org.testng.Assert.assertEquals(Assert.java:122)
at org.testng.Assert.assertEquals(Assert.java:629)
at org.testng.Assert.assertEquals(Assert.java:639)
at StepDefinitions.InventoryPageStepDefs.verify_the_default_order_of_the_product_catalog_is(InventoryPageStepDefs.java:49)
at ✽.Verify the default order of the product catalog is "Name (A to Z)"(file:///C:/Users/shara/eclipse-workspace/CucumberTestNG-SwagLabs/src/test/resources/Features/inventory.feature:33)
]]>
            </full-stacktrace>
          </exception> <!-- java.lang.AssertionError -->
          <reporter-output>
          </reporter-output>
        </test-method> <!-- runScenario -->
        <test-method signature="runScenario(io.cucumber.testng.PickleWrapper, io.cucumber.testng.FeatureWrapper)[pri:0, instance:StepDefinitions.TestRunner@53aac487]" started-at="2021-12-19T15:23:02 IST" name="runScenario" description="Runs Cucumber Scenarios" data-provider="scenarios" finished-at="2021-12-19T15:23:10 IST" duration-ms="7629" status="FAIL">
          <params>
            <param index="0">
              <value>
                <![CDATA["Verify the Products Order Sorted By Name A to Z on Inventory Page"]]>
              </value>
            </param>
            <param index="1">
              <value>
                <![CDATA["Optional[Inventory Page UI Functionality]"]]>
              </value>
            </param>
          </params>
          <exception class="java.lang.AssertionError">
            <message>
              <![CDATA[expected [Name (A to Z)] but found [NAME (A TO Z)]]]>
            </message>
            <full-stacktrace>
              <![CDATA[java.lang.AssertionError: expected [Name (A to Z)] but found [NAME (A TO Z)]
at org.testng.Assert.fail(Assert.java:99)
at org.testng.Assert.failNotEquals(Assert.java:1037)
at org.testng.Assert.assertEqualsImpl(Assert.java:140)
at org.testng.Assert.assertEquals(Assert.java:122)
at org.testng.Assert.assertEquals(Assert.java:629)
at org.testng.Assert.assertEquals(Assert.java:639)
at StepDefinitions.InventoryPageStepDefs.verify_the_default_order_of_the_product_catalog_is(InventoryPageStepDefs.java:49)
at ✽.Verify the default order of the product catalog is "Name (A to Z)"(file:///C:/Users/shara/eclipse-workspace/CucumberTestNG-SwagLabs/src/test/resources/Features/inventory.feature:47)
]]>
            </full-stacktrace>
          </exception> <!-- java.lang.AssertionError -->
          <reporter-output>
          </reporter-output>
        </test-method> <!-- runScenario -->
        <test-method signature="runScenario(io.cucumber.testng.PickleWrapper, io.cucumber.testng.FeatureWrapper)[pri:0, instance:StepDefinitions.TestRunner@53aac487]" started-at="2021-12-19T15:23:10 IST" name="runScenario" description="Runs Cucumber Scenarios" data-provider="scenarios" finished-at="2021-12-19T15:23:16 IST" duration-ms="6862" status="FAIL">
          <params>
            <param index="0">
              <value>
                <![CDATA["Verify the Products Order Sorted By Price Low to High on Inventory Page"]]>
              </value>
            </param>
            <param index="1">
              <value>
                <![CDATA["Optional[Inventory Page UI Functionality]"]]>
              </value>
            </param>
          </params>
          <exception class="java.lang.AssertionError">
            <message>
              <![CDATA[expected [Name (A to Z)] but found [NAME (A TO Z)]]]>
            </message>
            <full-stacktrace>
              <![CDATA[java.lang.AssertionError: expected [Name (A to Z)] but found [NAME (A TO Z)]
at org.testng.Assert.fail(Assert.java:99)
at org.testng.Assert.failNotEquals(Assert.java:1037)
at org.testng.Assert.assertEqualsImpl(Assert.java:140)
at org.testng.Assert.assertEquals(Assert.java:122)
at org.testng.Assert.assertEquals(Assert.java:629)
at org.testng.Assert.assertEquals(Assert.java:639)
at StepDefinitions.InventoryPageStepDefs.verify_the_default_order_of_the_product_catalog_is(InventoryPageStepDefs.java:49)
at ✽.Verify the default order of the product catalog is "Name (A to Z)"(file:///C:/Users/shara/eclipse-workspace/CucumberTestNG-SwagLabs/src/test/resources/Features/inventory.feature:62)
]]>
            </full-stacktrace>
          </exception> <!-- java.lang.AssertionError -->
          <reporter-output>
          </reporter-output>
        </test-method> <!-- runScenario -->
        <test-method signature="runScenario(io.cucumber.testng.PickleWrapper, io.cucumber.testng.FeatureWrapper)[pri:0, instance:StepDefinitions.TestRunner@53aac487]" started-at="2021-12-19T15:23:16 IST" name="runScenario" description="Runs Cucumber Scenarios" data-provider="scenarios" finished-at="2021-12-19T15:23:22 IST" duration-ms="5195" status="FAIL">
          <params>
            <param index="0">
              <value>
                <![CDATA["Verify the Products Order Sorted By Price High to Low on Inventory Page"]]>
              </value>
            </param>
            <param index="1">
              <value>
                <![CDATA["Optional[Inventory Page UI Functionality]"]]>
              </value>
            </param>
          </params>
          <exception class="java.lang.AssertionError">
            <message>
              <![CDATA[expected [Name (A to Z)] but found [NAME (A TO Z)]]]>
            </message>
            <full-stacktrace>
              <![CDATA[java.lang.AssertionError: expected [Name (A to Z)] but found [NAME (A TO Z)]
at org.testng.Assert.fail(Assert.java:99)
at org.testng.Assert.failNotEquals(Assert.java:1037)
at org.testng.Assert.assertEqualsImpl(Assert.java:140)
at org.testng.Assert.assertEquals(Assert.java:122)
at org.testng.Assert.assertEquals(Assert.java:629)
at org.testng.Assert.assertEquals(Assert.java:639)
at StepDefinitions.InventoryPageStepDefs.verify_the_default_order_of_the_product_catalog_is(InventoryPageStepDefs.java:49)
at ✽.Verify the default order of the product catalog is "Name (A to Z)"(file:///C:/Users/shara/eclipse-workspace/CucumberTestNG-SwagLabs/src/test/resources/Features/inventory.feature:76)
]]>
            </full-stacktrace>
          </exception> <!-- java.lang.AssertionError -->
          <reporter-output>
          </reporter-output>
        </test-method> <!-- runScenario -->
        <test-method signature="runScenario(io.cucumber.testng.PickleWrapper, io.cucumber.testng.FeatureWrapper)[pri:0, instance:StepDefinitions.TestRunner@53aac487]" started-at="2021-12-19T15:23:22 IST" name="runScenario" description="Runs Cucumber Scenarios" data-provider="scenarios" finished-at="2021-12-19T15:23:27 IST" duration-ms="5670" status="FAIL">
          <params>
            <param index="0">
              <value>
                <![CDATA["Verify the Products and associated Prices displayed are correct"]]>
              </value>
            </param>
            <param index="1">
              <value>
                <![CDATA["Optional[Inventory Page UI Functionality]"]]>
              </value>
            </param>
          </params>
          <exception class="java.lang.AssertionError">
            <message>
              <![CDATA[expected [Name (A to Z)] but found [NAME (A TO Z)]]]>
            </message>
            <full-stacktrace>
              <![CDATA[java.lang.AssertionError: expected [Name (A to Z)] but found [NAME (A TO Z)]
at org.testng.Assert.fail(Assert.java:99)
at org.testng.Assert.failNotEquals(Assert.java:1037)
at org.testng.Assert.assertEqualsImpl(Assert.java:140)
at org.testng.Assert.assertEquals(Assert.java:122)
at org.testng.Assert.assertEquals(Assert.java:629)
at org.testng.Assert.assertEquals(Assert.java:639)
at StepDefinitions.InventoryPageStepDefs.verify_the_default_order_of_the_product_catalog_is(InventoryPageStepDefs.java:49)
at ✽.Verify the default order of the product catalog is "Name (A to Z)"(file:///C:/Users/shara/eclipse-workspace/CucumberTestNG-SwagLabs/src/test/resources/Features/inventory.feature:90)
]]>
            </full-stacktrace>
          </exception> <!-- java.lang.AssertionError -->
          <reporter-output>
          </reporter-output>
        </test-method> <!-- runScenario -->
        <test-method is-config="true" signature="tearDownClass()[pri:0, instance:StepDefinitions.TestRunner@53aac487]" started-at="2021-12-19T15:23:27 IST" name="tearDownClass" finished-at="2021-12-19T15:23:33 IST" duration-ms="5302" status="PASS">
          <reporter-output>
          </reporter-output>
        </test-method> <!-- tearDownClass -->
      </class> <!-- StepDefinitions.TestRunner -->
    </test> <!-- Default test -->
  </suite> <!-- Default suite -->
</testng-results>
