<?xml version="1.0" encoding="UTF-8"?>
<!-- Generated by org.testng.reporters.JUnitReportReporter -->
<testsuite hostname="LAPTOP-J15UI2E7" failures="6" tests="8" name="StepDefinitions.TestRunner" time="48.494" errors="0" timestamp="2021-12-19T15:23:33 IST" skipped="0">
  <testcase classname="StepDefinitions.TestRunner" name="runScenario" time="6.862">
    <failure message="expected [Name (A to Z)] but found [NAME (A TO Z)]" type="java.lang.AssertionError">
      <![CDATA[java.lang.AssertionError: expected [Name (A to Z)] but found [NAME (A TO Z)]
at org.testng.Assert.fail(Assert.java:99)
at org.testng.Assert.failNotEquals(Assert.java:1037)
at org.testng.Assert.assertEqualsImpl(Assert.java:140)
at org.testng.Assert.assertEquals(Assert.java:122)
at org.testng.Assert.assertEquals(Assert.java:629)
at org.testng.Assert.assertEquals(Assert.java:639)
at StepDefinitions.InventoryPageStepDefs.verify_the_default_order_of_the_product_catalog_is(InventoryPageStepDefs.java:49)
at ✽.Verify the default order of the product catalog is "Name (A to Z)"(file:///C:/Users/shara/eclipse-workspace/CucumberTestNG-SwagLabs/src/test/resources/Features/inventory.feature:62)
]]>
    </failure>
  </testcase> <!-- runScenario -->
  <system-out/>
  <testcase classname="StepDefinitions.TestRunner" name="runScenario" time="5.195">
    <failure message="expected [Name (A to Z)] but found [NAME (A TO Z)]" type="java.lang.AssertionError">
      <![CDATA[java.lang.AssertionError: expected [Name (A to Z)] but found [NAME (A TO Z)]
at org.testng.Assert.fail(Assert.java:99)
at org.testng.Assert.failNotEquals(Assert.java:1037)
at org.testng.Assert.assertEqualsImpl(Assert.java:140)
at org.testng.Assert.assertEquals(Assert.java:122)
at org.testng.Assert.assertEquals(Assert.java:629)
at org.testng.Assert.assertEquals(Assert.java:639)
at StepDefinitions.InventoryPageStepDefs.verify_the_default_order_of_the_product_catalog_is(InventoryPageStepDefs.java:49)
at ✽.Verify the default order of the product catalog is "Name (A to Z)"(file:///C:/Users/shara/eclipse-workspace/CucumberTestNG-SwagLabs/src/test/resources/Features/inventory.feature:76)
]]>
    </failure>
  </testcase> <!-- runScenario -->
  <system-out/>
  <testcase classname="StepDefinitions.TestRunner" name="runScenario" time="7.629">
    <failure message="expected [Name (A to Z)] but found [NAME (A TO Z)]" type="java.lang.AssertionError">
      <![CDATA[java.lang.AssertionError: expected [Name (A to Z)] but found [NAME (A TO Z)]
at org.testng.Assert.fail(Assert.java:99)
at org.testng.Assert.failNotEquals(Assert.java:1037)
at org.testng.Assert.assertEqualsImpl(Assert.java:140)
at org.testng.Assert.assertEquals(Assert.java:122)
at org.testng.Assert.assertEquals(Assert.java:629)
at org.testng.Assert.assertEquals(Assert.java:639)
at StepDefinitions.InventoryPageStepDefs.verify_the_default_order_of_the_product_catalog_is(InventoryPageStepDefs.java:49)
at ✽.Verify the default order of the product catalog is "Name (A to Z)"(file:///C:/Users/shara/eclipse-workspace/CucumberTestNG-SwagLabs/src/test/resources/Features/inventory.feature:47)
]]>
    </failure>
  </testcase> <!-- runScenario -->
  <system-out/>
  <testcase classname="StepDefinitions.TestRunner" name="runScenario" time="6.512">
    <failure message="expected [Name (A to Z)] but found [NAME (A TO Z)]" type="java.lang.AssertionError">
      <![CDATA[java.lang.AssertionError: expected [Name (A to Z)] but found [NAME (A TO Z)]
at org.testng.Assert.fail(Assert.java:99)
at org.testng.Assert.failNotEquals(Assert.java:1037)
at org.testng.Assert.assertEqualsImpl(Assert.java:140)
at org.testng.Assert.assertEquals(Assert.java:122)
at org.testng.Assert.assertEquals(Assert.java:629)
at org.testng.Assert.assertEquals(Assert.java:639)
at StepDefinitions.InventoryPageStepDefs.verify_the_default_order_of_the_product_catalog_is(InventoryPageStepDefs.java:49)
at ✽.Verify the default order of the product catalog is "Name (A to Z)"(file:///C:/Users/shara/eclipse-workspace/CucumberTestNG-SwagLabs/src/test/resources/Features/inventory.feature:20)
]]>
    </failure>
  </testcase> <!-- runScenario -->
  <system-out/>
  <testcase classname="StepDefinitions.TestRunner" name="runScenario" time="7.714">
    <failure message="expected [Name (A to Z)] but found [NAME (A TO Z)]" type="java.lang.AssertionError">
      <![CDATA[java.lang.AssertionError: expected [Name (A to Z)] but found [NAME (A TO Z)]
at org.testng.Assert.fail(Assert.java:99)
at org.testng.Assert.failNotEquals(Assert.java:1037)
at org.testng.Assert.assertEqualsImpl(Assert.java:140)
at org.testng.Assert.assertEquals(Assert.java:122)
at org.testng.Assert.assertEquals(Assert.java:629)
at org.testng.Assert.assertEquals(Assert.java:639)
at StepDefinitions.InventoryPageStepDefs.verify_the_default_order_of_the_product_catalog_is(InventoryPageStepDefs.java:49)
at ✽.Verify the default order of the product catalog is "Name (A to Z)"(file:///C:/Users/shara/eclipse-workspace/CucumberTestNG-SwagLabs/src/test/resources/Features/inventory.feature:33)
]]>
    </failure>
  </testcase> <!-- runScenario -->
  <system-out/>
  <testcase classname="StepDefinitions.TestRunner" name="runScenario" time="5.670">
    <failure message="expected [Name (A to Z)] but found [NAME (A TO Z)]" type="java.lang.AssertionError">
      <![CDATA[java.lang.AssertionError: expected [Name (A to Z)] but found [NAME (A TO Z)]
at org.testng.Assert.fail(Assert.java:99)
at org.testng.Assert.failNotEquals(Assert.java:1037)
at org.testng.Assert.assertEqualsImpl(Assert.java:140)
at org.testng.Assert.assertEquals(Assert.java:122)
at org.testng.Assert.assertEquals(Assert.java:629)
at org.testng.Assert.assertEquals(Assert.java:639)
at StepDefinitions.InventoryPageStepDefs.verify_the_default_order_of_the_product_catalog_is(InventoryPageStepDefs.java:49)
at ✽.Verify the default order of the product catalog is "Name (A to Z)"(file:///C:/Users/shara/eclipse-workspace/CucumberTestNG-SwagLabs/src/test/resources/Features/inventory.feature:90)
]]>
    </failure>
  </testcase> <!-- runScenario -->
  <system-out/>
  <testcase classname="StepDefinitions.TestRunner" name="runScenario" time="4.754"/>
  <system-out/>
  <testcase classname="StepDefinitions.TestRunner" name="runScenario" time="4.158"/>
  <system-out/>
</testsuite> <!-- StepDefinitions.TestRunner -->
