<?xml version="1.0" encoding="UTF-8"?>
<!-- Generated by org.testng.reporters.JUnitReportReporter -->
<testsuite skipped="0" hostname="LAPTOP-J15UI2E7" name="StepDefinitions.TestRunner" tests="12" failures="1" timestamp="2021-12-17T20:48:11 IST" time="50.270" errors="0">
  <testcase name="runScenario" time="0.432" classname="StepDefinitions.TestRunner"/>
  <system-out/>
  <testcase name="runScenario" time="0.008" classname="StepDefinitions.TestRunner"/>
  <system-out/>
  <testcase name="runScenario" time="0.005" classname="StepDefinitions.TestRunner"/>
  <system-out/>
  <testcase name="runScenario" time="5.456" classname="StepDefinitions.TestRunner"/>
  <system-out/>
  <testcase name="runScenario" time="5.383" classname="StepDefinitions.TestRunner">
    <failure type="java.lang.AssertionError" message="expected [https://www.saucedemo.com/inventory.html] but found [https://www.saucedemo.com/]">
      <![CDATA[java.lang.AssertionError: expected [https://www.saucedemo.com/inventory.html] but found [https://www.saucedemo.com/]
at org.testng.Assert.fail(Assert.java:99)
at org.testng.Assert.failNotEquals(Assert.java:1037)
at org.testng.Assert.assertEqualsImpl(Assert.java:140)
at org.testng.Assert.assertEquals(Assert.java:122)
at org.testng.Assert.assertEquals(Assert.java:629)
at org.testng.Assert.assertEquals(Assert.java:639)
at StepDefinitions.LoginPageStepDefinitions.user_should_be_directed_to_product_catalog_page(LoginPageStepDefinitions.java:66)
at âœ½.user should be directed to product catalog page(file:///C:/Users/shara/eclipse-workspace/CucumberTestNG-SwagLabs/src/test/resources/Features/login.feature:21)
]]>
    </failure>
  </testcase> <!-- runScenario -->
  <system-out/>
  <testcase name="runScenario" time="0.008" classname="StepDefinitions.TestRunner"/>
  <system-out/>
  <testcase name="runScenario" time="0.003" classname="StepDefinitions.TestRunner"/>
  <system-out/>
  <testcase name="runScenario" time="10.583" classname="StepDefinitions.TestRunner"/>
  <system-out/>
  <testcase name="runScenario" time="0.008" classname="StepDefinitions.TestRunner"/>
  <system-out/>
  <testcase name="runScenario" time="0.003" classname="StepDefinitions.TestRunner"/>
  <system-out/>
  <testcase name="runScenario" time="0.005" classname="StepDefinitions.TestRunner"/>
  <system-out/>
  <testcase name="runScenario" time="28.376" classname="StepDefinitions.TestRunner"/>
  <system-out/>
</testsuite> <!-- StepDefinitions.TestRunner -->
